[    0.000000] Linux version 4.15.0-51-generic (buildd@lgw01-amd64-059) (gcc version 7.3.0 (Ubuntu 7.3.0-16ubuntu3)) #55-Ubuntu SMP Wed May 15 14:27:21 UTC 2019 (Ubuntu 4.15.0-51.55-generic 4.15.18)
[    0.000000] Command line: BOOT_IMAGE=/boot/vmlinuz-4.15.0-51-generic root=LABEL=cloudimg-rootfs ro console=tty1 console=ttyS0
[    0.000000] KERNEL supported cpus:
[    0.000000]   Intel GenuineIntel
[    0.000000]   AMD AuthenticAMD
[    0.000000]   Centaur CentaurHauls
[    0.000000] x86/fpu: Supporting XSAVE feature 0x001: 'x87 floating point registers'
[    0.000000] x86/fpu: Supporting XSAVE feature 0x002: 'SSE registers'
[    0.000000] x86/fpu: Supporting XSAVE feature 0x004: 'AVX registers'
[    0.000000] x86/fpu: xstate_offset[2]:  576, xstate_sizes[2]:  256
[    0.000000] x86/fpu: Enabled xstate features 0x7, context size is 832 bytes, using 'standard' format.
[    0.000000] e820: BIOS-provided physical RAM map:
[    0.000000] BIOS-e820: [mem 0x0000000000000000-0x000000000009fbff] usable
[    0.000000] BIOS-e820: [mem 0x000000000009fc00-0x000000000009ffff] reserved
[    0.000000] BIOS-e820: [mem 0x00000000000f0000-0x00000000000fffff] reserved
[    0.000000] BIOS-e820: [mem 0x0000000000100000-0x000000009c3effff] usable
[    0.000000] BIOS-e820: [mem 0x000000009c3f0000-0x000000009c3fffff] ACPI data
[    0.000000] BIOS-e820: [mem 0x00000000fec00000-0x00000000fec00fff] reserved
[    0.000000] BIOS-e820: [mem 0x00000000fee00000-0x00000000fee00fff] reserved
[    0.000000] BIOS-e820: [mem 0x00000000fffc0000-0x00000000ffffffff] reserved
[    0.000000] NX (Execute Disable) protection: active
[    0.000000] SMBIOS 2.5 present.
[    0.000000] DMI: innotek GmbH VirtualBox/VirtualBox, BIOS VirtualBox 12/01/2006
[    0.000000] Hypervisor detected: KVM
[    0.000000] e820: last_pfn = 0x9c3f0 max_arch_pfn = 0x400000000
[    0.000000] MTRR: Disabled
[    0.000000] x86/PAT: MTRRs disabled, skipping PAT initialization too.
[    0.000000] CPU MTRRs all blank - virtualized system.
[    0.000000] x86/PAT: Configuration [0-7]: WB  WT  UC- UC  WB  WT  UC- UC  
[    0.000000] found SMP MP-table at [mem 0x0009fff0-0x0009ffff] mapped at [        (ptrval)]
[    0.000000] Scanning 1 areas for low memory corruption
[    0.000000] RAMDISK: [mem 0x35a95000-0x36d41fff]
[    0.000000] ACPI: Early table checksum verification disabled
[    0.000000] ACPI: RSDP 0x00000000000E0000 000024 (v02 VBOX  )
[    0.000000] ACPI: XSDT 0x000000009C3F0030 00003C (v01 VBOX   VBOXXSDT 00000001 ASL  00000061)
[    0.000000] ACPI: FACP 0x000000009C3F00F0 0000F4 (v04 VBOX   VBOXFACP 00000001 ASL  00000061)
[    0.000000] ACPI: DSDT 0x000000009C3F0470 0021FF (v02 VBOX   VBOXBIOS 00000002 INTL 20180105)
[    0.000000] ACPI: FACS 0x000000009C3F0200 000040
[    0.000000] ACPI: FACS 0x000000009C3F0200 000040
[    0.000000] ACPI: APIC 0x000000009C3F0240 00005C (v02 VBOX   VBOXAPIC 00000001 ASL  00000061)
[    0.000000] ACPI: SSDT 0x000000009C3F02A0 0001CC (v01 VBOX   VBOXCPUT 00000002 INTL 20180105)
[    0.000000] No NUMA configuration found
[    0.000000] Faking a node at [mem 0x0000000000000000-0x000000009c3effff]
[    0.000000] NODE_DATA(0) allocated [mem 0x9c3c5000-0x9c3effff]
[    0.000000] kvm-clock: cpu 0, msr 0:9c344001, primary cpu clock
[    0.000000] kvm-clock: Using msrs 4b564d01 and 4b564d00
[    0.000000] kvm-clock: using sched offset of 3310583229 cycles
[    0.000000] clocksource: kvm-clock: mask: 0xffffffffffffffff max_cycles: 0x1cd42e4dffb, max_idle_ns: 881590591483 ns
[    0.000000] Zone ranges:
[    0.000000]   DMA      [mem 0x0000000000001000-0x0000000000ffffff]
[    0.000000]   DMA32    [mem 0x0000000001000000-0x000000009c3effff]
[    0.000000]   Normal   empty
[    0.000000]   Device   empty
[    0.000000] Movable zone start for each node
[    0.000000] Early memory node ranges
[    0.000000]   node   0: [mem 0x0000000000001000-0x000000000009efff]
[    0.000000]   node   0: [mem 0x0000000000100000-0x000000009c3effff]
[    0.000000] Reserved but unavailable: 15474 pages
[    0.000000] Initmem setup node 0 [mem 0x0000000000001000-0x000000009c3effff]
[    0.000000] ACPI: PM-Timer IO Port: 0x4008
[    0.000000] IOAPIC[0]: apic_id 2, version 32, address 0xfec00000, GSI 0-23
[    0.000000] ACPI: INT_SRC_OVR (bus 0 bus_irq 0 global_irq 2 dfl dfl)
[    0.000000] ACPI: INT_SRC_OVR (bus 0 bus_irq 9 global_irq 9 low level)
[    0.000000] Using ACPI (MADT) for SMP configuration information
[    0.000000] smpboot: Allowing 2 CPUs, 0 hotplug CPUs
[    0.000000] PM: Registered nosave memory: [mem 0x00000000-0x00000fff]
[    0.000000] PM: Registered nosave memory: [mem 0x0009f000-0x0009ffff]
[    0.000000] PM: Registered nosave memory: [mem 0x000a0000-0x000effff]
[    0.000000] PM: Registered nosave memory: [mem 0x000f0000-0x000fffff]
[    0.000000] e820: [mem 0x9c400000-0xfebfffff] available for PCI devices
[    0.000000] Booting paravirtualized kernel on KVM
[    0.000000] clocksource: refined-jiffies: mask: 0xffffffff max_cycles: 0xffffffff, max_idle_ns: 7645519600211568 ns
[    0.000000] random: get_random_bytes called from start_kernel+0x99/0x4fd with crng_init=0
[    0.000000] setup_percpu: NR_CPUS:8192 nr_cpumask_bits:2 nr_cpu_ids:2 nr_node_ids:1
[    0.000000] percpu: Embedded 46 pages/cpu @        (ptrval) s151552 r8192 d28672 u1048576
[    0.000000] PV qspinlock hash table entries: 256 (order: 0, 4096 bytes)
[    0.000000] Built 1 zonelists, mobility grouping on.  Total pages: 629865
[    0.000000] Policy zone: DMA32
[    0.000000] Kernel command line: BOOT_IMAGE=/boot/vmlinuz-4.15.0-51-generic root=LABEL=cloudimg-rootfs ro console=tty1 console=ttyS0
[    0.000000] Memory: 2470308K/2559544K available (12300K kernel code, 2473K rwdata, 4272K rodata, 2408K init, 2416K bss, 89236K reserved, 0K cma-reserved)
[    0.000000] SLUB: HWalign=64, Order=0-3, MinObjects=0, CPUs=2, Nodes=1
[    0.000000] Kernel/User page tables isolation: enabled
[    0.000000] ftrace: allocating 39215 entries in 154 pages
[    0.004000] Hierarchical RCU implementation.
[    0.004000] 	RCU restricting CPUs from NR_CPUS=8192 to nr_cpu_ids=2.
[    0.004000] 	Tasks RCU enabled.
[    0.004000] RCU: Adjusting geometry for rcu_fanout_leaf=16, nr_cpu_ids=2
[    0.004000] NR_IRQS: 524544, nr_irqs: 440, preallocated irqs: 16
[    0.004000] Console: colour VGA+ 80x25
[    0.004000] console [tty1] enabled
[    0.004000] console [ttyS0] enabled
[    0.004000] ACPI: Core revision 20170831
[    0.004000] ACPI: 2 ACPI AML tables successfully acquired and loaded
[    0.004000] APIC: Switch to symmetric I/O mode setup
[    0.004000] x2apic enabled
[    0.004000] Switched APIC routing to physical x2apic.
[    0.004000] .TIMER: vector=0x30 apic1=0 pin1=2 apic2=-1 pin2=-1
[    0.004006] tsc: Detected 2904.000 MHz processor
[    0.004824] Calibrating delay loop (skipped) preset value.. 5808.00 BogoMIPS (lpj=11616000)
[    0.005426] pid_max: default: 32768 minimum: 301
[    0.006260] Security Framework initialized
[    0.008003] Yama: becoming mindful.
[    0.008664] AppArmor: AppArmor initialized
[    0.010336] Dentry cache hash table entries: 524288 (order: 10, 4194304 bytes)
[    0.012554] Inode-cache hash table entries: 262144 (order: 9, 2097152 bytes)
[    0.013695] Mount-cache hash table entries: 8192 (order: 4, 65536 bytes)
[    0.014776] Mountpoint-cache hash table entries: 8192 (order: 4, 65536 bytes)
[    0.016195] mce: CPU supports 0 MCE banks
[    0.016856] Last level iTLB entries: 4KB 64, 2MB 8, 4MB 8
[    0.020003] Last level dTLB entries: 4KB 64, 2MB 0, 4MB 0, 1GB 4
[    0.024005] Spectre V2 : Mitigation: Full generic retpoline
[    0.024859] Spectre V2 : Spectre v2 / SpectreRSB mitigation: Filling RSB on context switch
[    0.028001] Speculative Store Bypass: Vulnerable
[    0.028828] MDS: Vulnerable: Clear CPU buffers attempted, no microcode
[    0.029909] Freeing SMP alternatives memory: 36K
[    0.032000] smpboot: CPU0: Intel(R) Core(TM) i7-7500U CPU @ 2.70GHz (family: 0x6, model: 0x8e, stepping: 0x9)
[    0.032000] Performance Events: unsupported p6 CPU model 142 no PMU driver, software events only.
[    0.032047] Hierarchical SRCU implementation.
[    0.033119] NMI watchdog: Perf event create on CPU 0 failed with -2
[    0.033979] NMI watchdog: Perf NMI watchdog permanently disabled
[    0.034772] smp: Bringing up secondary CPUs ...
[    0.036492] x86: Booting SMP configuration:
[    0.037082] .... node  #0, CPUs:      #1
[    0.004000] kvm-clock: cpu 1, msr 0:9c344041, secondary cpu clock
[    0.004000] mce: CPU supports 0 MCE banks
[    0.040023] smp: Brought up 1 node, 2 CPUs
[    0.040641] smpboot: Max logical packages: 1
[    0.041296] smpboot: Total of 2 processors activated (11616.00 BogoMIPS)
[    0.044171] devtmpfs: initialized
[    0.044668] x86/mm: Memory block size: 128MB
[    0.045709] evm: security.selinux
[    0.046300] evm: security.SMACK64
[    0.048004] evm: security.SMACK64EXEC
[    0.048653] evm: security.SMACK64TRANSMUTE
[    0.049362] evm: security.SMACK64MMAP
[    0.050010] evm: security.apparmor
[    0.050619] evm: security.ima
[    0.051166] evm: security.capability
[    0.052081] clocksource: jiffies: mask: 0xffffffff max_cycles: 0xffffffff, max_idle_ns: 7645041785100000 ns
[    0.053200] futex hash table entries: 512 (order: 3, 32768 bytes)
[    0.054021] pinctrl core: initialized pinctrl subsystem
[    0.056096] RTC time: 12:19:05, date: 06/17/19
[    0.056836] NET: Registered protocol family 16
[    0.057505] audit: initializing netlink subsys (disabled)
[    0.058213] audit: type=2000 audit(1560773950.532:1): state=initialized audit_enabled=0 res=1
[    0.058213] cpuidle: using governor ladder
[    0.060007] cpuidle: using governor menu
[    0.060579] ACPI: bus type PCI registered
[    0.061116] acpiphp: ACPI Hot Plug PCI Controller Driver version: 0.5
[    0.064125] PCI: Using configuration type 1 for base access
[    0.068882] HugeTLB registered 2.00 MiB page size, pre-allocated 0 pages
[    0.068882] ACPI: Added _OSI(Module Device)
[    0.068882] ACPI: Added _OSI(Processor Device)
[    0.069329] ACPI: Added _OSI(3.0 _SCP Extensions)
[    0.072009] ACPI: Added _OSI(Processor Aggregator Device)
[    0.072719] ACPI: Added _OSI(Linux-Dell-Video)
[    0.073329] ACPI: Added _OSI(Linux-Lenovo-NV-HDMI-Audio)
[    0.074002] ACPI: Added _OSI(Linux-HPI-Hybrid-Graphics)
[    0.075040] ACPI: Executed 1 blocks of module-level executable AML code
[    0.078923] ACPI: Interpreter enabled
[    0.080021] ACPI: (supports S0 S5)
[    0.080506] ACPI: Using IOAPIC for interrupt routing
[    0.081348] PCI: Using host bridge windows from ACPI; if necessary, use "pci=nocrs" and report a bug
[    0.082633] ACPI: Enabled 2 GPEs in block 00 to 07
[    0.088725] ACPI: PCI Root Bridge [PCI0] (domain 0000 [bus 00-ff])
[    0.092014] acpi PNP0A03:00: _OSC: OS supports [ASPM ClockPM Segments MSI]
[    0.096043] acpi PNP0A03:00: _OSC: not requesting OS control; OS requires [ExtendedConfig ASPM ClockPM MSI]
[    0.098753] acpi PNP0A03:00: fail to add MMCONFIG information, can't access extended PCI configuration space under this bridge.
[    0.100413] PCI host bridge to bus 0000:00
[    0.101145] pci_bus 0000:00: root bus resource [io  0x0000-0x0cf7 window]
[    0.102276] pci_bus 0000:00: root bus resource [io  0x0d00-0xffff window]
[    0.104005] pci_bus 0000:00: root bus resource [mem 0x000a0000-0x000bffff window]
[    0.105065] pci_bus 0000:00: root bus resource [mem 0x9c400000-0xfdffffff window]
[    0.106225] pci_bus 0000:00: root bus resource [bus 00-ff]
[    0.108578] pci 0000:00:01.1: legacy IDE quirk: reg 0x10: [io  0x01f0-0x01f7]
[    0.112008] pci 0000:00:01.1: legacy IDE quirk: reg 0x14: [io  0x03f6]
[    0.116008] pci 0000:00:01.1: legacy IDE quirk: reg 0x18: [io  0x0170-0x0177]
[    0.116906] pci 0000:00:01.1: legacy IDE quirk: reg 0x1c: [io  0x0376]
[    0.142215] pci 0000:00:07.0: quirk: [io  0x4000-0x403f] claimed by PIIX4 ACPI
[    0.144023] pci 0000:00:07.0: quirk: [io  0x4100-0x410f] claimed by PIIX4 SMB
[    0.156006] ACPI: PCI Interrupt Link [LNKA] (IRQs 5 9 10 *11)
[    0.160435] ACPI: PCI Interrupt Link [LNKB] (IRQs 5 9 *10 11)
[    0.161551] ACPI: PCI Interrupt Link [LNKC] (IRQs 5 *9 10 11)
[    0.164140] ACPI: PCI Interrupt Link [LNKD] (IRQs 5 9 10 *11)
[    0.165575] SCSI subsystem initialized
[    0.166347] pci 0000:00:02.0: vgaarb: setting as boot VGA device
[    0.168000] pci 0000:00:02.0: vgaarb: VGA device added: decodes=io+mem,owns=io+mem,locks=none
[    0.168014] pci 0000:00:02.0: vgaarb: bridge control possible
[    0.168756] vgaarb: loaded
[    0.169199] ACPI: bus type USB registered
[    0.169784] usbcore: registered new interface driver usbfs
[    0.172020] usbcore: registered new interface driver hub
[    0.172756] usbcore: registered new device driver usb
[    0.173498] EDAC MC: Ver: 3.0.0
[    0.180061] PCI: Using ACPI for IRQ routing
[    0.180808] NetLabel: Initializing
[    0.181276] NetLabel:  domain hash size = 128
[    0.181828] NetLabel:  protocols = UNLABELED CIPSOv4 CALIPSO
[    0.182589] NetLabel:  unlabeled traffic allowed by default
[    0.183552] clocksource: Switched to clocksource kvm-clock
[    0.194860] VFS: Disk quotas dquot_6.6.0
[    0.195543] VFS: Dquot-cache hash table entries: 512 (order 0, 4096 bytes)
[    0.197577] AppArmor: AppArmor Filesystem Enabled
[    0.203596] pnp: PnP ACPI init
[    0.205085] pnp: PnP ACPI: found 3 devices
[    0.213627] cloksource: acpi_pm: mask: 0xffffff max_cycles: 0xffffff, max_idle_ns: 2085701024 ns
[    0.235934] NET: Registered protocol family 2

[    0.236939] TCP established hash table entries: 32768 (order: 6, 262144 bytes)
[    0.238217] TCP bind hash table entries: 32768 (order: 7, 524288 bytes)
[    0.239342] TCP: Hash tables configured (established 32768 bind 32768)
[    0.240448] UDP hash table entries: 2048 (order: 4, 65536 bytes)
[    0.241442] UDP-Lite hash table entries: 2048 (order: 4, 65536 bytes)
[    0.242537] NET: Registered protocol family 1
[    0.243299] pci 0000:00:00.0: Limiting direct PCI/PCI transfers
[    0.244316] pci 0000:00:01.0: Activating ISA DMA hang workarounds
[    0.245355] pci 0000:00:02.0: Video device with shadowed ROM at [mem 0x000c0000-0x000dffff]
[   .282 Uacngniam...
[    0.834683] Freeing initrd memory: 19124K
[    0.851246] clocksource: tsc: mask: 0xffffffffffffffff max_cycles: 0x29dc05e54fc, max_idle_ns: 440795291716 ns
[    0.852751] platform rtc_cmos: registered platform RTC device (no PNP device found)
[    0.853975] Scanning for low memory corruption every 60 seconds
[    0.855485] Initialise system trusted keyrings
[    0.864455] Key type blacklist registered
[    0.875714] workingset: timestamp_bits=36 max_order=20 bucket_order=0
[    0.877761] zbud: loaded
[    0.878818] squashfs: version 4.0 (2009/01/31) Phillip Lougher
[    0.880008] fuse init (API version 7.26)
[    0.893760] Key type asymmetric registered
[    0.894494] Asymmetric key parser 'x509' registered
[    0.896576] Block layer SCSI generic (bsg) driver version 0.4 loaded (major 246)
[    0.898818] io scheduler noop registered
[    0.899516] io scheduler deadline registered
[    0.900330] io scheduler cfq registered (default)
[    0.901445] ACPI: AC Adapter [AC] (off-line)
[    0.902246] input: Power Button as /devices/LNXSYSTM:00/LNXPWRBN:00/input/input0
[    0.903571] ACPI: Power Button [PWRF]
[    0.904321] input: Sleep Button as /devices/LNXSYSTM:00/LNXSLPBN:00/input/input1
[    0.905596] ACPI: Sleep Button [SLPF]
[    0.907353] ACPI: Battery Slot [BAT0] (battery present)
[    0.908150] Serial: 8250/16550 driver, 32 ports, IRQ sharing enabled
[    0.931833] 00:02: ttyS0 at I/O 0x3f8 (irq = 4, base_baud = 115200) is a 16550A
[    0.934327] Linux agpgart interface v0.103
[    0.936185] loop: module loaded
[    0.937387] scsi host0: ata_piix
[    0.977239] scsi host1: ata_piix
[    0.977878] ata1: PATA max UDMA/33 cmd 0x1f0 ctl 0x3f6 bmdma 0xd000 irq 14
[    1.031427] ata2: PATA max UDMA/33 cmd 0x170 ctl 0x376 bmdma 0xd008 irq 15
[    1.032716] libphy: Fixed MDIO Bus: probed
[    1.037327] tun: Universal TUN/TAP device driver, 1.6
[    1.038258] PPP generic driver version 2.4.2
[    1.039068] ehci_hcd: USB 2.0 'Enhanced' Host Controller (EHCI) Driver
[    1.040162] ehci-pci: EHCI PCI platform driver
[    1.041013] ehci-platform: EHCI generic platform driver
[    1.041918] ohci_hcd: USB 1.1 'Open' Host Controller (OHCI) Driver
[    1.042954] ohci-pci: OHCI PCI platform driver
[    1.043756] ohci-platform: OHCI generic platform driver
[    1.057394] uhci_hcd: USB Universal Host Controller Interface driver
[    1.058555] i8042: PNP: PS/2 Controller [PNP0303:PS2K,PNP0f03:PS2M] at 0x60,0x64 irq 1,12
[    1.060434] serio: i8042 KBD port at 0x60,0x64 irq 1
[    1.061334] serio: i8042 AUX port at 0x60,0x64 irq 12
[    1.062303] mousedev: PS/2 mouse device common for all mice
[    1.063515] input: AT Translated Set 2 keyboard as /devices/platform/i8042/serio0/input/input2
[    1.080333] rtc_cmos rtc_cmos: rtc core: registered rtc_cmos as rtc0
[    1.081367] rtc_cmos rtc_cmos: alarms up to one day, 114 bytes nvram
[    1.082201] i2c /dev entries driver
[    1.082766] device-mapper: uevent: version 1.0.3
[    1.083790] device-mapper: ioctl: 4.37.0-ioctl (2017-09-20) initialised: dm-devel@redhat.com
[    1.085166] ledtrig-cpu: registered to indicate activity on CPUs
[    1.086525] NET: Registered protocol family 10
[    1.095700] Segment Routing with IPv6
[    1.096432] NET: Registered protocol family 17
[    1.097270] Key type dns_resolver registered
[    1.098210] RAS: Correctable Errors collector initialized.
[    1.099164] sched_clock: Marking stable (1098171808, 0)->(1579607945, -481436137)
[    1.100900] registered taskstats version 1
[    1.101641] Loading compiled-in X.509 certificates
[    1.104452] Loaded X.509 cert 'Build time autogenerated kernel key: c1fa4cde9d34780ae4ae655b856adc042b663c06'
[    1.106119] zswap: loaded using pool lzo/zbud
[    1.109954] Key type big_key registered
[    1.110687] Key type trusted registered
[    1.112873] Key type encrypted registered
[    1.113588] AppArmor: AppArmor sha1 policy hashing enabled
[    1.114538] ima: No TPM chip found, activating TPM-bypass! (rc=-19)
[    1.115673] ima: Allocated hash algorithm: sha1
[    1.116498] evm: HMAC attrs: 0x1
[    1.117312]   Magic number: 7:819:329
[    1.117998] tty tty50: hash matches
[    1.118717] rtc_cmos rtc_cmos: setting system clock to 2019-06-17 12:19:06 UTC (1560773946)
[    1.120257] BIOS EDD facility v0.16 2004-Jun-25, 0 devices found
[    1.121267] EDD information not available.
[    1.204996] Freeing unused kernel image memory: 2408K
[    1.212171] Write protecting the kernel read-only data: 20480k
[    1.216676] Freeing unused kernel image memory: 2008K
[    1.221101] Freeing unused kernel image memory: 1872K
[    1.240590] x86/mm: Checked W+X mappings: passed, no W+X pages found.
[    1.242420] x86/mm: Checking user space page tables
[    1.251408] x86/mm: Checked W+X mappings: passed, no W+X pages found.
Loading, please wait...
starting version 237
[    2.216297] e1000: Intel(R) PRO/1000 Network Driver - version 7.3.21-k8-NAPI
[    2.220668] e1000: Copyright (c) 1999-2006 Intel Corporation.
[    2.243173] Fusion MPT base driver 3.04.20
[    2.271136] Copyright (c) 1999-2008 LSI Corporation
[    2.292083] AVX2 version of gcm_enc/dec engaged.
[    2.301031] AES CTR mode by8 optimization enabled
[    2.316982] Fusion MPT SPI Host driver 3.04.20
[    2.528525] input: ImExPS/2 Generic Explorer Mouse as /devices/platform/i8042/serio1/input/input4
[    2.627300] e1000 0000:00:03.0 eth0: (PCI:33MHz:32-bit) 02:44:a0:33:03:e1
[    2.628221] e1000 0000:00:03.0 eth0: Intel(R) PRO/1000 Network Connection
[    2.630001] mptbase: ioc0: Initiating bringup
[    2.633450] e1000 0000:00:03.0 enp0s3: renamed from eth0
[    2.757079] ioc0: LSI53C1030 A0: Capabilities={Initiator}
[    3.217357] scsi host2: ioc0: LSI53C1030 A0, FwRev=00000000h, Ports=1, MaxQ=256, IRQ=20
[    3.437799] scsi 2:0:0:0: Direct-Access     VBOX     HARDDISK         1.0  PQ: 0 ANSI: 5
[    3.868396] scsi target2:0:0: Beginning Domain Validation
[    3.875313] scsi target2:0:0: Domain Validation skipping write tests
[    3.876404] scsi target2:0:0: Ending Domain Validation
[    3.877321] scsi target2:0:0: asynchronous
[    3.878336] scsi 2:0:1:0: Direct-Access     VBOX     HARDDISK         1.0  PQ: 0 ANSI: 5
[    4.288112] scsi target2:0:1: Beginning Domain Validation
[    4.302507] random: fast init done
[    4.305546] scsi target2:0:1: Domain Validation skipping write tests
[    4.316336] scsi target2:0:1: Ending Domain Validation
[    4.325115] scsi target2:0:1: asynchronous
[    4.333926] random: systemd-udevd: uninitialized urandom read (16 bytes read)
[    4.337145] random: systemd-udevd: uninitialized urandom read (16 bytes read)
[    4.339816] random: systemd-udevd: uninitialized urandom read (16 bytes read)
[    4.340396] sd 2:0:0:0: Attached scsi generic sg0 type 0
[    4.340621] sd 2:0:1:0: Attached scsi generic sg1 type 0
[    4.354317] sd 2:0:0:0: [sda] 20971520 512-byte logical blocks: (10.7 GB/10.0 GiB)
[    4.355617] sd 2:0:1:0: [sdb] 20480 512-byte logical blocks: (10.5 MB/10.0 MiB)
[    4.357025] sd 2:0:0:0: [sda] Write Protect is off
[    4.381665] sd 2:0:1:0: [sdb] Write Protect is off
[    4.382684] sd 2:0:1:0: [sdb] Incomplete mode parameter data
[    4.383635] sd 2:0:1:0: [sdb] Assuming drive cache: write through
[    4.385421] sd 2:0:0:0: [sda] Incomplete mode parameter data
[    4.386402] sd 2:0:0:0: [sda] Assuming drive cache: write through
[    4.390402]  sda: sda1
[    4.394179] sd 2:0:0:0: [sda] Attached SCSI disk
[    4.400709] sd 2:0:1:0: [sdb] Attached SCSI disk
Begin: Loading essential drivers ... [    5.808039] raid6: sse2x1   gen() 11749 MB/s
[    5.860037] raid6: sse2x1   xor()  8702 MB/s
[    5.916031] raid6: sse2x2   gen() 14634 MB/s
[    5.968073] raid6: sse2x2   xor()  8951 MB/s
[    6.036061] raid6: sse2x4   gen() 14600 MB/s
[    6.088058] raid6: sse2x4   xor() 10786 MB/s
[    6.140071] raid6: avx2x1   gen() 24138 MB/s
[    6.192044] raid6: avx2x1   xor() 16789 MB/s
[    6.240059] raid6: avx2x2   gen() 29247 MB/s
[    6.288067] raid6: avx2x2   xor() 18299 MB/s
[    6.340067] raid6: avx2x4   gen() 33333 MB/s
[    6.392038] raid6: avx2x4   xor() 21014 MB/s
[    6.398151] raid6: using algorithm avx2x4 gen() 33333 MB/s
[    6.399090] raid6: .... xor() 21014 MB/s, rmw enabled
[    6.405215] raid6: using avx2x2 recovery algorithm
[    6.407207] xor: automatically using best checksumming function   avx       
[    6.419018] async_tx: api initialized (async)
done.
Begin: Running /scripts/init-premount ... done.
Begin: Mounting root file system ... Begin: Running /scripts/local-top ... done.
Begin: Running /scripts/local-premount ... [    6.471155] Btrfs loaded, crc32c=crc32c-intel
Scanning for Btrfs filesystems
done.
Warning: fsck not present, so skipping root file system
[    6.497983] EXT4-fs (sda1): mounted filesystem with ordered data mode. Opts: (null)
done.
Begin: Running /scripts/local-bottom ... done.
Begin: Running /scripts/init-bottom ... done.
[    6.613249] ip_tables: (C) 2000-2006 Netfilter Core Team
[    6.625034] systemd[1]: systemd 237 running in system mode. (+PAM +AUDIT +SELINUX +IMA +APPARMOR +SMACK +SYSVINIT +UTMP +LIBCRYPTSETUP +GCRYPT +GNUTLS +ACL +XZ +LZ4 +SECCOMP +BLKID +ELFUTILS +KMOD -IDN2 +IDN -PCRE2 default-hierarchy=hybrid)
[    6.634050] systemd[1]: Detected virtualization oracle.
[    6.634963] systemd[1]: Detected architecture x86-64.

Welcome to [1mUbuntu 18.04.2 LTS[0m!

[    6.639992] systemd[1]: Set hostname to <ubuntu>.
[    6.643137] systemd[1]: Initializing machine ID from random generator.
[    6.644209] systemd[1]: Installed transient /etc/machine-id file.
[    6.800368] systemd[1]: Set up automount Arbitrary Executable File Formats File System Automount Point.
[[0;32m  OK  [0m] Set up automount Arbitrary Executab…rmats File System Automount Point.
[    6.806577] systemd[1]: Reached target System Time Synchronized.
[[0;32m  OK  [0m] Reached target System Time Synchronized.
[    6.808346] systemd[1]: Started Forward Password Requests to Wall Directory Watch.
[[0;32m  OK  [0m] Started Forward Password Requests to Wall Directory Watch.
[    6.828145] systemd[1]: Created slice System Slice.
[[0;32m  OK  [0m] Created slice System Slice.
[[0;32m  OK  [0m] Created slice system-serial\x2dgetty.slice.
[[0;32m  OK  [0m] Listening on LVM2 poll daemon socket.
[[0;32m  OK  [0m] Listening on Journal Socket.
         Starting Remount Root and Kernel File Systems...
         Mounting Kernel Debug File System...
[[0;32m  OK  [0m] Listening on udev Control Socket.
[[0;32m  OK  [0m] Listening on LVM2 metadata daemon socket.
[[0;32m  OK  [0m] Listening on Journal Audit Socket.
[[0;32m  OK  [0m] Listening on Syslog Socket.
[[0;32m  OK  [0m] Listening on udev Kernel Socket.
[[0;32m  OK  [0m] Listening on Journal Socket (/dev/log).
         Starting Journal Service...
         Mounting Huge Pa[    6.903173] EXT4-fs (sda1): re-mounted. Opts: (null)
ges File System...
         Starting Uncomplicated firewall...
         Starting Load Kernel Modules...
         Mounting POSIX Message Queue File System...
[[0;32m  OK  [0m] Listening on Network Service Netlink Socket.
[[0;32m  OK  [0m] Created slice User and Sessio[    6.948694] Loading iSCSI transport class v2.0-870.
n Slice.
[[0;32m  OK  [0m] Reached target Slices.
[[0;32m  OK  [0m] Reached target User and Group Name Lookups.
         Starting Create list of required st…ce nodes for the current kernel...
[[0;32m  OK  [0m] Reached target Swap.
[[0;32m  OK  [0m] Listening on Device-mapper event daemon FIFOs.
         Starting Monitoring of LVM2 mirrors…ng dmeventd or progress polling...
         Starting udev Coldplug all Devices...
         Starting Set the console keyboard layout...
[[0;32m  OK  [0m] Listening on /dev/initctl Compatibility Named Pipe.
[[0;32m  OK  [0m] Started Journal Service.
[    6.984043] iscsi: registered transport (tcp)
[[0;32m  OK  [0m] Started Remount Root and Kernel File Systems.
[    6.998591] iscsi: registered transport (iser)
[[0;32m  OK  [0m] Mounted Kernel Debug File System.
[[0;32m  OK  [0m] Mounted Huge Pages File System.
[[0;32m  OK  [0m] Started Uncomplicated firewall.
[[0;32m  OK  [0m] Started Load Kernel Modules.
[[0;32m  OK  [0m] Mounted POSIX Message Queue File System.
[[0;32m  OK  [0m] Started Create list of required sta…vice nodes for the current kernel.
[[0;32m  OK  [0m] Started LVM2 metadata daemon.
         Starting Create Static Device Nodes in /dev...
         Mounting Kernel Configuration File System...
         Mounting FUSE Control File System...
         Starting Apply Kernel Variables...
         Starting Load/Save Random Seed...
         Starting Flush Journal to Persistent Storage...
[[0;32m  OK  [0m] Started Monitoring of LVM2 mirrors,…sing dmeventd or progress polling.
[[0;32m  OK  [0m] Started udev Coldplug all Devices.
[[0;32m  OK  [0m] Started Set the console keyboard layout.
[[0;32m  OK  [0m] Started Create Static Device Nodes in /dev.
[[0;32m  OK  [0m] Mounted Kernel Configuration File System.
[[0;32m  OK  [0m] Mounted FUSE Control File System.
[[0;32m  OK  [0m] Started Apply Kernel Variables.
[[0;32m  OK  [0m] Started Load/Save Random Seed.
         Starting udev Kernel Device Manager...
[[0;32m  OK  [0m] Reached target Local File Systems (Pre).
[[0;32m  OK  [0m] Reached target Local File Systems.
         Starting Commit a transient machine-id on disk...
         Starting AppArmor initialization...
         Starting Set console font and keymap...
         Starting ebtables ruleset management...
         Starting Tell Plymouth To Write Out Runtime Data...
[[0;32m  OK  [0m] Started udev Kernel Device Manager.
[[0;32m  OK  [0m] Started Commit a transient machine-id on disk.
[[0;32m  OK  [0m] Started Set console font and keymap.
[[0;32m  OK  [0m] Started Tell Plymouth To Write Out Runtime Data.
[[0;32m  OK  [0m] Found device /dev/ttyS0.
[[0;32m  OK  [0m] Started Flush Journal to Persistent Storage.
[[0;32m  OK  [0m] Started ebtables ruleset management.
         Starting Create Volatile Files and Directories...
[[0;32m  OK  [0m] Listening on Load/Save RF Kill Switch Status /dev/rfkill Watch.
[[0;32m  OK  [0m] Started Dispatch Password Requests to Console Directory Watch.
[[0;32m  OK  [0m] Reached target Local Encrypted Volumes.
[[0;32m  OK  [0m] Started Create Volatile Files and Directories.
         Starting Update UTMP about System Boot/Shutdown...
[[0;32m  OK  [0m] Started Update UTMP about System Boot/Shutdown.
[[0;32m  OK  [0m] Started AppArmor initialization.
         Starting Initial cloud-init job (pre-networking)...
[    8.845899] cloud-init[534]: Cloud-init v. 19.1-1-gbaa47854-0ubuntu1~18.04.1 running 'init-local' at Mon, 17 Jun 2019 12:19:13 +0000. Up 8.54 seconds.
[[0;32m  OK  [0m] Started Initial cloud-init job (pre-networking).
[[0;32m  OK  [0m] Reached target Network (Pre).
         Starting Network Service...
[[0;32m  OK  [0m] Started Network Service.
         Starting Network Name Resolution...
         Starting Wait for Network to be Configured...
[[0;32m  OK  [0m] Started Network Name Resolution.
[[0;32m  OK  [0m] Reached target Network.
[[0;32m  OK  [0m] Reached target Host and Network Name Lookups.
[[0;32m  OK  [0m] Started Wait for Network to be Configured.
         Starting Initial cloud-init job (metadata service crawler)...
[   11.364277] cloud-init[643]: Cloud-init v. 19.1-1-gbaa47854-0ubuntu1~18.04.1 running 'init' at Mon, 17 Jun 2019 12:19:16 +0000. Up 11.25 seconds.
[   11.386347] cloud-init[643]: ci-info: +++++++++++++++++++++++++++++++++++++Net device info++++++++++++++++++++++++++++++++++++++
[   11.387704] cloud-init[643]: ci-info: +--------+------+---------------------------+---------------+--------+-------------------+
[   11.388943] cloud-init[643]: ci-info: | Device |  Up  |          Address          |      Mask     | Scope  |     Hw-Address    |
[   11.402581] cloud-init[643]: ci-info: +--------+------+---------------------------+---------------+--------+-------------------+
[   11.424556] cloud-init[643]: ci-info: | enp0s3 | True |         10.0.2.15         | 255.255.255.0 | global | 02:44:a0:33:03:e1 |
[   11.426057] cloud-init[643]: ci-info: | enp0s3 | True | fe80::44:a0ff:fe33:3e1/64 |       .       |  link  | 02:44:a0:33:03:e1 |
[   11.468177] cloud-init[643]: ci-info: |   lo   | True |         127.0.0.1         |   255.0.0.0   |  host  |         .         |
[   11.503423] cloud-init[643]: ci-info: |   lo   | True |          ::1/128          |       .       |  host  |         .         |
[   11.505025] cloud-init[643]: ci-info: +--------+------+---------------------------+---------------+--------+-------------------+
[   11.506525] cloud-init[643]: ci-info: ++++++++++++++++++++++++++++Route IPv4 info+++++++++++++++++++++++++++++
[   11.507922] cloud-init[643]: ci-info: +-------+-------------+----------+-----------------+-----------+-------+
[   11.509312] cloud-init[643]: ci-info: | Route | Destination | Gateway  |     Genmask     | Interface | Flags |
[   11.549382] cloud-init[643]: ci-info: +-------+-------------+----------+-----------------+-----------+-------+
[   11.552326] cloud-init[643]: ci-info: |   0   |   0.0.0.0   | 10.0.2.2 |     0.0.0.0     |   enp0s3  |   UG  |
[   11.553712] cloud-init[643]: ci-info: |   1   |   10.0.2.0  | 0.0.0.0  |  255.255.255.0  |   enp0s3  |   U   |
[   11.612251] cloud-init[643]: ci-info: |   2   |   10.0.2.2  | 0.0.0.0  | 255.255.255.255 |   enp0s3  |   UH  |
[   11.645403] cloud-init[643]: ci-info: +-------+-------------+----------+-----------------+-----------+-------+
[   11.646904] cloud-init[643]: ci-info: +++++++++++++++++++Route IPv6 info+++++++++++++++++++
[   11.648103] cloud-init[643]: ci-info: +-------+-------------+---------+-----------+-------+
[   11.650311] cloud-init[643]: ci-info: | Route | Destination | Gateway | Interface | Flags |
[   11.652525] cloud-init[643]: ci-info: +-------+-------------+---------+-----------+-------+
[   11.654690] cloud-init[643]: ci-info: |   1   |  fe80::/64  |    ::   |   enp0s3  |   U   |
[   11.657273] cloud-init[643]: ci-info: |   3   |    local    |    ::   |   enp0s3  |   U   |
[   11.669187] cloud-init[643]: ci-info: |   4   |   ff00::/8  |    ::   |   enp0s3  |   U   |
[   11.677639] cloud-init[643]: ci-info: +-------+-------------+---------+-----------+-------+
[   12.087589] cloud-init[643]: Generating public/private rsa key pair.
[[   12.149063] cloud-init[643]: Your identification has been saved in /etc/ssh/ssh_host_rsa_key.
[   12.149163] cloud-init[643]: Your public key has been saved in /etc/ssh/ssh_host_rsa_key.pub.
[   12.149455] cloud-init[643]: The key fingerprint is:
[   12.149608] cloud-init[643]: SHA256:2kCX9vbjSa304Uci3I6WSPnDTP8qlXy+DW2i6p8sKNg root@ubuntu-bionic
[   12.149895] cloud-init[643]: The key's randomart image is:
[   12.150049] cloud-init[643]: +---[RSA 2048]----+
[   12.150331] cloud-init[643]: |                 |
[0;32m  OK  [0m] Started Initial cloud-init job (metadata service crawler).
[   12.150466] cloud-init[643]: |         .       |
[   12.189798] cloud-init[643]: |      . +        |
[[   12.200293] cloud-init[643]: |     . o .       |
[   12.200573] cloud-init[643]: |      . S oo o . |
[   12.200853] cloud-init[643]: |       + .o.+.*.o|
[   12.201155] cloud-init[643]: |     o. .o *=B==o|
[   12.201461] cloud-init[643]: |    . E . o=XOo=+|
[   12.201755] cloud-init[643]: |       . .o=Oo+=+|
[0;32m  OK  [0m] Reached target System Initialization.
[   12.201896] cloud-init[643]: +----[SHA256]-----+
[   12.221691] cloud-init[643]: Generating public/private dsa key pair.
[   12.222682] cloud-init[643]: Your identification has been saved in /etc/ssh/ssh_host_dsa_key.
[   12.223784] cloud-init[643]: Your public key has been saved in /etc/ssh/ssh_host_dsa_key.pub.
[   12.224835] cloud-init[643]: The key fingerprint is:
[   12.225507] cloud-init[643]: SHA256:12O+i527gop8tYZKa9IBGTOjFiN0BqpCgZokLx7HhXo root@ubuntu-bionic
         [   12.238282] cloud-init[643]: The key's randomart image is:
[   12.238484] cloud-init[643]: +---[DSA 1024]----+
[   12.238787] cloud-init[643]: |o+.o.            |
Starting Socket activation for snappy daemon.
[   12.239090] cloud-init[643]: |=+O. .           |
[[   12.272289] cloud-init[643]: |*==*.            |
[   12.272389] cloud-init[643]: |B++E       .     |
[0;32m  OK  [0m] Listening on ACPID Listen Socket.
[   12.272545] cloud-init[643]: |=.+.    S . +    |
[[0;32m  OK  [0m[   12.289876] cloud-init[643]: |..  .   .. o .   |
[   12.290160] cloud-init[643]: |   ... o o  .    |
[   12.290386] cloud-init[643]: |  .oooo + .o o   |
] Listening on Open-iSCSI iscsid Socket.
[   12.290680] cloud-init[643]: |   o=o.o  ..B+   |
[   12.314857] cloud-init[643]: +----[SHA256]-----+
[   12.315586] cloud-init[643]: Generating public/private ecdsa key pair.
[   12.316393] cloud-init[643]: Your identification has been saved in /etc/ssh/ssh_host_ecdsa_key.
         Starting LXD - unix socket.
[   12.326377] cloud-init[643]: Your public key has been saved in /etc/ssh/ssh_host_ecdsa_key.pub.
[[   12.363921] cloud-init[643]: The key fingerprint is:
[   12.364125] cloud-init[643]: SHA256:ZpgLUTmX/j/r1yRCWNkkH6NgNLArRmSiNOo7YodLTDc root@ubuntu-bionic
[   12.364345] cloud-init[643]: The key's randomart image is:
[   12.364510] cloud-init[643]: +---[ECDSA 256]---+
[   12.364666] cloud-init[643]: |  o . +..+= .++  |
[   12.364836] cloud-init[643]: | o o =o oo oo+.o |
[   12.364979] cloud-init[643]: |. . . .+.  o. .  |
[   12.365133] cloud-init[643]: |.    o o... .    |
[0;32m  OK  [0m] Started Message of the Day.
[   12.365287] cloud-init[643]: | o E. = S. .     |
[[   12.399526] cloud-init[643]: |o + .o =  . . . .|
[   12.399649] cloud-init[643]: |.B .  .    . . + |
[   12.399958] cloud-init[643]: |+ +         o . .|
[   12.400277] cloud-init[643]: | .         .o+   |
[0;32m  OK  [0m] Listening on D-Bus System Message Bus Socket.
[   12.400559] cloud-init[643]: +----[SHA256]-----+
[[   12.414736] cloud-init[643]: Generating public/private ed25519 key pair.
[   12.414827] cloud-init[643]: [0;32m  OK  [0mYour identification has been saved in /etc/ssh/ssh_host_ed25519_key.] 
Listening on UUID daemon activation socket.
[[   12.414972] cloud-init[643]: Your public key has been saved in /etc/ssh/ssh_host_ed25519_key.pub.
[0;32m  OK  [0m] Started Daily Cleanup of Temporary Directories.
[   12.467115] cloud-init[643]: The key fingerprint is:
[   12.559630] cloud-init[643]: SHA256:tbohZFAb2UbYCWbz8UYASl7Fh75fRxTBfXPciGLHclY root@ubuntu-bionic
[[   12.632254] cloud-init[643]: The key's randomart image is:
[   12.632517] cloud-init[643]: +--[ED25519 256]--+[0;32m  OK  [0m
] Started ACPI Events Check.
[   12.632661] cloud-init[643]: |    . X@=+.. +E*.|
[[0;32m  OK  [0m[   12.656083] cloud-init[643]: |   o *o=B+= * +.*|
[   12.656446] cloud-init[643]: |    + .o.o+* .  +|
[   12.656720] cloud-init[643]: |     .  .o .  .  |
[   12.657011] cloud-init[643]: |      o S..  .   |
[   12.657266] cloud-init[643]: |     o  ..  . .  |
[   12.658087] cloud-init[643]: |      . o. . .   |
[   12.658351] cloud-init[643]: |       . o.      |
[   12.658722] cloud-init[643]: |        .        |
] Reached target Paths.
[   12.658924] cloud-init[643]: +----[SHA256]-----+
[[0;32m  OK  [0m] Started Daily apt download activities.
[[0;32m  OK  [0m] Started Daily apt upgrade and clean activities.
[[0;32m  OK  [0m] Started Discard unused blocks once a week.
[[0;32m  OK  [0m] Reached target Timers.
[[0;32m  OK  [0m] Reached target Cloud-config availability.
[[0;32m  OK  [0m] Reached target Network is Online.
[[0;32m  OK  [0m] Reached target Remote File Systems (Pre).
[[0;32m  OK  [0m] Reached target Remote File Systems.
         Starting Availability of block devices...
[[0;32m  OK  [0m] Listening on Socket activation for snappy daemon.
[[0;32m  OK  [0m] Listening on LXD - unix socket.
[[0;32m  OK  [0m] Started Availability of block devices.
[[0;32m  OK  [0m] Reached target Sockets.
[[0;32m  OK  [0m] Reached target Basic System.
[[0;32m  OK  [0m] Started irqbalance daemon.
[[0;32m  OK  [0m] Started Deferred execution scheduler.
         Starting Permit User Sessions...
         Starting Snappy daemon...
[[0;32m  OK  [0m] Started D-Bus System Message Bus.
         Starting LSB: Record successful boot for GRUB...
         Starting LSB: automatic crash report generation...
         Starting Accounts Service...
         Starting Pollinate to seed the pseudo random number generator...
[[0;32m  OK  [0m] Started Regular background program processing daemon.
         Starting Dispatcher daemon for systemd-networkd...
         Starting Virtualbox guest utils...
         Starting Login Service...
[[0;32m  OK  [0m] Started FUSE filesystem for LXC.
         Starting LXD - container startup/shutdown...
         Starting System Logging Service...
[[0;32m  OK  [0m] Started Snappy daemon.
[[0;32m  OK  [0m] Started Permit User Sessions.
[[0;32m  OK  [0m] Started System Logging Service.
[[0;32m  OK  [0m] Started LXD - container startup/shutdown.
[[0;32m  OK  [0m] Started Login Service.
[[0;32m  OK  [0m] Started Unattended Upgrades Shutdown.
         Starting Authorization Manager...
         Starting Hold until boot process finishes up...
         Starting Terminate Plymouth Boot Screen...
         Starting Wait until snapd is fully seeded...
[[0;32m  OK  [0m] Started LSB: Record successful boot for GRUB.
[[0;32m  OK  [0m] Started LSB: automatic crash report generation.
[[0;32m  OK  [0m] Started Hold until boot process finishes up.
[[0;32m  OK  [0m] Started Terminate Plymouth Boot Screen.
[[0;32m  OK  [0m] Started Authorization Manager.
[[0;32m  OK  [0m] Started Accounts Service.
         Starting Set console scheme...
[[0;32m  OK  [0m] Started Serial Getty on ttyS0.
[[0;32m  OK  [0m] Started Set console scheme.
[[0;32m  OK  [0m] Started Dispatcher daemon for systemd-networkd.
[[0;32m  OK  [0m] Started Virtualbox guest utils.
[[0;32m  OK  [0m] Created slice system-getty.slice.
[[0;32m  OK  [0m] Started Getty on tty1.
[[0;32m  OK  [0m] Reached target Login Prompts.
[[0;32m  OK  [0m] Started Pollinate to seed the pseudo random number generator.
         Starting OpenBSD Secure Shell server...
[[0;32m  OK  [0m] Started OpenBSD Secure Shell server.
[[0;32m  OK  [0m] Created slice User Slice of vagrant.
         Starting User Manager for UID 1000...
[[0;32m  OK  [0m] Started Session 1 of user vagrant.
[[0;32m  OK  [0m] Started User Manager for UID 1000.
[[0;32m  OK  [0m] Started Wait until snapd is fully seeded.
[[0;32m  OK  [0m] Reached target Multi-User System.
[[0;32m  OK  [0m] Reached target Graphical Interface.
         Starting Update UTMP about System Runlevel Changes...
         Starting Apply the settings specified in cloud-config...
[[0;32m  OK  [0m] Started Update UTMP about System Runlevel Changes.
[   16.428296] cloud-init[1361]: Cloud-init v. 19.1-1-gbaa47854-0ubuntu1~18.04.1 running 'modules:config' at Mon, 17 Jun 2019 12:19:21 +0000. Up 16.09 seconds.
[[0;32m  OK  [0m] Started Apply the settings specified in cloud-config.
         Starting Execute cloud user/final scripts...
ci-info: no authorized ssh keys fingerprints found for user ubuntu.
<14>Jun 17 12:19:22 ec2: 
<14>Jun 17 12:19:22 ec2: #############################################################
<14>Jun 17 12:19:22 ec2: -----BEGIN SSH HOST KEY FINGERPRINTS-----
<14>Jun 17 12:19:22 ec2: 1024 SHA256:12O+i527gop8tYZKa9IBGTOjFiN0BqpCgZokLx7HhXo root@ubuntu-bionic (DSA)
<14>Jun 17 12:19:22 ec2: 256 SHA256:ZpgLUTmX/j/r1yRCWNkkH6NgNLArRmSiNOo7YodLTDc root@ubuntu-bionic (ECDSA)
<14>Jun 17 12:19:22 ec2: 256 SHA256:tbohZFAb2UbYCWbz8UYASl7Fh75fRxTBfXPciGLHclY root@ubuntu-bionic (ED25519)
<14>Jun 17 12:19:22 ec2: 2048 SHA256:2kCX9vbjSa304Uci3I6WSPnDTP8qlXy+DW2i6p8sKNg root@ubuntu-bionic (RSA)
<14>Jun 17 12:19:22 ec2: -----END SSH HOST KEY FINGERPRINTS-----
<14>Jun 17 12:19:22 ec2: #############################################################
-----BEGIN SSH HOST KEY KEYS-----
ecdsa-sha2-nistp256 AAAAE2VjZHNhLXNoYTItbmlzdHAyNTYAAAAIbmlzdHAyNTYAAABBBOeb+rlvrVevjuFBGGxk4AcXbKKHmzdJVlXVKypq8J4X+TgdStviIWzdV2GyNmTZYd/vIdDCxNRvFb50DT9m7/Q= root@ubuntu-bionic
ssh-ed25519 AAAAC3NzaC1lZDI1NTE5AAAAINMsMEVlbMwvzPGyuPX/0l0zPs5hChkkqmFFBh7c5OFc root@ubuntu-bionic
ssh-rsa AAAAB3NzaC1yc2EAAAADAQABAAABAQCnUYdOv45u223KE8gG4GpAmB7cnScb1Gs3YHLfbV0PtpOV/wkERUrd2aTyXNuxhImwio4op17W9xfi+OmQXUN981r3V2h6SXOjviDUGhebc/ZIGDGkL33OS/r4M0tqLZCIVBJjv5Et2Mo/8pgifMhvhbd2pcmsWKQsopUI+bUoS30Y40BTGc1NnwYzZduA5S5ym3hswkAHbeDnGhkQl1U3iDKOLgZfWTVax4roA1uS6Y2xL/B7UeZci8Og6r528z54LM8KssJLPUS0N44hlcliETdFJMzCCR1J9wlcdghAg29p34L/g0eMFNn8GSxmWMcGkhc247XH+9ry5yd9F8UH root@ubuntu-bionic
-----END SSH HOST KEY KEYS-----
[   17.049740] cloud-init[1460]: Cloud-init v. 19.1-1-gbaa47854-0ubuntu1~18.04.1 running 'modules:final' at Mon, 17 Jun 2019 12:19:22 +0000. Up 16.80 seconds.
[   17.059106] cloud-init[1460]: ci-info: no authorized ssh keys fingerprints found for user ubuntu.
[   17.079764] cloud-init[1460]: Cloud-init v. 19.1-1-gbaa47854-0ubuntu1~18.04.1 finished at Mon, 17 Jun 2019 12:19:22 +0000. Datasource DataSourceNoCloud [seed=/dev/sdb][dsmode=net].  Up 17.04 seconds
[[0;32m  OK  [0m] Started Execute cloud user/final scripts.
[[0;32m  OK  [0m] Reached target Cloud-init target.

Ubuntu 18.04.2 LTS ubuntu-bionic ttyS0

ubuntu-bionic login: 